  Building Custom Rule C:/darknet/CMakeLists.txt
  Compiling CUDA source file src\activation_kernels.cu...
  Compiling CUDA source file src\avgpool_layer_kernels.cu...
  Compiling CUDA source file src\blas_kernels.cu...
  Compiling CUDA source file src\col2im_kernels.cu...
  Compiling CUDA source file src\deconvolutional_kernels.cu...
  Compiling CUDA source file src\convolutional_kernels.cu...
  Compiling CUDA source file src\dropout_layer_kernels.cu...
  Compiling CUDA source file src\crop_layer_kernels.cu...
  Compiling CUDA source file src\network_kernels.cu...
  Compiling CUDA source file src\maxpool_layer_kernels.cu...
  Compiling CUDA source file src\im2col_kernels.cu...
  
  C:\darknet>"C:\Program Files\NVIDIA GPU Computing Toolkit\CUDA\v12.2\bin\nvcc.exe"  --use-local-env -ccbin "C:\Program Files\Microsoft Visual Studio\2022\Community\VC\Tools\MSVC\14.37.32822\bin\HostX64\x64" -x cu   -IC:\darknet\include -IC:\darknet\src -IC:\darknet\3rdparty\stb\include -I"C:\Program Files\NVIDIA GPU Computing Toolkit\CUDA\v12.2\include" -IC:\opencv\build\include -IC:\darknet\3rdparty\pthreads\include -I"C:\Program Files\NVIDIA GPU Computing Toolkit\CUDA\v12.2\include"     --keep-dir x64\Release  -maxrregcount=0   --machine 64 --compile -cudart shared -Wno-deprecated-declarations --generate-code=arch=compute_52,code=[compute_52,sm_52] -Xcompiler=",/nologo,/wd4013,/wd4018,/wd4028,/wd4047,/wd4068,/wd4090,/wd4101,/wd4113,/wd4133,/wd4190,/wd4244,/wd4267,/wd4305,/wd4477,/wd4996,/wd4819,/fp:fast,/DGPU,/DCUDA_OPENGL_INTEGRATION,/DCUDNN,/DOPENCV /EHsc -Ob2"   -D_WINDOWS -DNDEBUG -DUSE_CMAKE_LIBS -DCUDNN -DOPENCV -D_CRT_RAND_S -DNOMINMAX -D_USE_MATH_DEFINES -DGPU -DCUDA_OPENGL_INTEGRATION -D_TIMESPEC_DEFINED -D"CMAKE_INTDIR=\"Release\"" -D_MBCS -DWIN32 -D_WINDOWS -DNDEBUG -DUSE_CMAKE_LIBS -DCUDNN -DOPENCV -D_CRT_RAND_S -DNOMINMAX -D_USE_MATH_DEFINES -DGPU -DCUDA_OPENGL_INTEGRATION -D_TIMESPEC_DEFINED -D"CMAKE_INTDIR=\"Release\"" -Xcompiler "/EHsc /W1 /nologo /O2 /FS   /MD /GR" -Xcompiler "/Fddarknet.dir\Release\vc143.pdb" -o darknet.dir\Release\activation_kernels.obj "C:\darknet\src\activation_kernels.cu" 
  
  
  C:\darknet>"C:\Program Files\NVIDIA GPU Computing Toolkit\CUDA\v12.2\bin\nvcc.exe"  --use-local-env -ccbin "C:\Program Files\Microsoft Visual Studio\2022\Community\VC\Tools\MSVC\14.37.32822\bin\HostX64\x64" -x cu   -IC:\darknet\include -IC:\darknet\src -IC:\darknet\3rdparty\stb\include -I"C:\Program Files\NVIDIA GPU Computing Toolkit\CUDA\v12.2\include" -IC:\opencv\build\include -IC:\darknet\3rdparty\pthreads\include -I"C:\Program Files\NVIDIA GPU Computing Toolkit\CUDA\v12.2\include"     --keep-dir x64\Release  -maxrregcount=0   --machine 64 --compile -cudart shared -Wno-deprecated-declarations --generate-code=arch=compute_52,code=[compute_52,sm_52] -Xcompiler=",/nologo,/wd4013,/wd4018,/wd4028,/wd4047,/wd4068,/wd4090,/wd4101,/wd4113,/wd4133,/wd4190,/wd4244,/wd4267,/wd4305,/wd4477,/wd4996,/wd4819,/fp:fast,/DGPU,/DCUDA_OPENGL_INTEGRATION,/DCUDNN,/DOPENCV /EHsc -Ob2"   -D_WINDOWS -DNDEBUG -DUSE_CMAKE_LIBS -DCUDNN -DOPENCV -D_CRT_RAND_S -DNOMINMAX -D_USE_MATH_DEFINES -DGPU -DCUDA_OPENGL_INTEGRATION -D_TIMESPEC_DEFINED -D"CMAKE_INTDIR=\"Release\"" -D_MBCS -DWIN32 -D_WINDOWS -DNDEBUG -DUSE_CMAKE_LIBS -DCUDNN -DOPENCV -D_CRT_RAND_S -DNOMINMAX -D_USE_MATH_DEFINES -DGPU -DCUDA_OPENGL_INTEGRATION -D_TIMESPEC_DEFINED -D"CMAKE_INTDIR=\"Release\"" -Xcompiler "/EHsc /W1 /nologo /O2 /FS   /MD /GR" -Xcompiler "/Fddarknet.dir\Release\vc143.pdb" -o darknet.dir\Release\blas_kernels.obj "C:\darknet\src\blas_kernels.cu" 
  C:\darknet>"C:\Program Files\NVIDIA GPU Computing Toolkit\CUDA\v12.2\bin\nvcc.exe"  --use-local-env -ccbin "C:\Program Files\Microsoft Visual Studio\2022\Community\VC\Tools\MSVC\14.37.32822\bin\HostX64\x64" -x cu   -IC:\darknet\include -IC:\darknet\src -IC:\darknet\3rdparty\stb\include -I"C:\Program Files\NVIDIA GPU Computing Toolkit\CUDA\v12.2\include" -IC:\opencv\build\include -IC:\darknet\3rdparty\pthreads\include -I"C:\Program Files\NVIDIA GPU Computing Toolkit\CUDA\v12.2\include"     --keep-dir x64\Release  -maxrregcount=0   --machine 64 --compile -cudart shared -Wno-deprecated-declarations --generate-code=arch=compute_52,code=[compute_52,sm_52] -Xcompiler=",/nologo,/wd4013,/wd4018,/wd4028,/wd4047,/wd4068,/wd4090,/wd4101,/wd4113,/wd4133,/wd4190,/wd4244,/wd4267,/wd4305,/wd4477,/wd4996,/wd4819,/fp:fast,/DGPU,/DCUDA_OPENGL_INTEGRATION,/DCUDNN,/DOPENCV /EHsc -Ob2"   -D_WINDOWS -DNDEBUG -DUSE_CMAKE_LIBS -DCUDNN -DOPENCV -D_CRT_RAND_S -DNOMINMAX -D_USE_MATH_DEFINES -DGPU -DCUDA_OPENGL_INTEGRATION -D_TIMESPEC_DEFINED -D"CMAKE_INTDIR=\"Release\"" -D_MBCS -DWIN32 -D_WINDOWS -DNDEBUG -DUSE_CMAKE_LIBS -DCUDNN -DOPENCV -D_CRT_RAND_S -DNOMINMAX -D_USE_MATH_DEFINES -DGPU -DCUDA_OPENGL_INTEGRATION -D_TIMESPEC_DEFINED -D"CMAKE_INTDIR=\"Release\"" -Xcompiler "/EHsc /W1 /nologo /O2 /FS   /MD /GR" -Xcompiler "/Fddarknet.dir\Release\vc143.pdb" -o darknet.dir\Release\avgpool_layer_kernels.obj "C:\darknet\src\avgpool_layer_kernels.cu" 
  
  C:\darknet>"C:\Program Files\NVIDIA GPU Computing Toolkit\CUDA\v12.2\bin\nvcc.exe"  --use-local-env -ccbin "C:\Program Files\Microsoft Visual Studio\2022\Community\VC\Tools\MSVC\14.37.32822\bin\HostX64\x64" -x cu   -IC:\darknet\include -IC:\darknet\src -IC:\darknet\3rdparty\stb\include -I"C:\Program Files\NVIDIA GPU Computing Toolkit\CUDA\v12.2\include" -IC:\opencv\build\include -IC:\darknet\3rdparty\pthreads\include -I"C:\Program Files\NVIDIA GPU Computing Toolkit\CUDA\v12.2\include"     --keep-dir x64\Release  -maxrregcount=0   --machine 64 --compile -cudart shared -Wno-deprecated-declarations --generate-code=arch=compute_52,code=[compute_52,sm_52] -Xcompiler=",/nologo,/wd4013,/wd4018,/wd4028,/wd4047,/wd4068,/wd4090,/wd4101,/wd4113,/wd4133,/wd4190,/wd4244,/wd4267,/wd4305,/wd4477,/wd4996,/wd4819,/fp:fast,/DGPU,/DCUDA_OPENGL_INTEGRATION,/DCUDNN,/DOPENCV /EHsc -Ob2"   -D_WINDOWS -DNDEBUG -DUSE_CMAKE_LIBS -DCUDNN -DOPENCV -D_CRT_RAND_S -DNOMINMAX -D_USE_MATH_DEFINES -DGPU -DCUDA_OPENGL_INTEGRATION -D_TIMESPEC_DEFINED -D"CMAKE_INTDIR=\"Release\"" -D_MBCS -DWIN32 -D_WINDOWS -DNDEBUG -DUSE_CMAKE_LIBS -DCUDNN -DOPENCV -D_CRT_RAND_S -DNOMINMAX -D_USE_MATH_DEFINES -DGPU -DCUDA_OPENGL_INTEGRATION -D_TIMESPEC_DEFINED -D"CMAKE_INTDIR=\"Release\"" -Xcompiler "/EHsc /W1 /nologo /O2 /FS   /MD /GR" -Xcompiler "/Fddarknet.dir\Release\vc143.pdb" -o darknet.dir\Release\crop_layer_kernels.obj "C:\darknet\src\crop_layer_kernels.cu" 
  
  C:\darknet>"C:\Program Files\NVIDIA GPU Computing Toolkit\CUDA\v12.2\bin\nvcc.exe"  --use-local-env -ccbin "C:\Program Files\Microsoft Visual Studio\2022\Community\VC\Tools\MSVC\14.37.32822\bin\HostX64\x64" -x cu   -IC:\darknet\include -IC:\darknet\src -IC:\darknet\3rdparty\stb\include -I"C:\Program Files\NVIDIA GPU Computing Toolkit\CUDA\v12.2\include" -IC:\opencv\build\include -IC:\darknet\3rdparty\pthreads\include -I"C:\Program Files\NVIDIA GPU Computing Toolkit\CUDA\v12.2\include"     --keep-dir x64\Release  -maxrregcount=0   --machine 64 --compile -cudart shared -Wno-deprecated-declarations --generate-code=arch=compute_52,code=[compute_52,sm_52] -Xcompiler=",/nologo,/wd4013,/wd4018,/wd4028,/wd4047,/wd4068,/wd4090,/wd4101,/wd4113,/wd4133,/wd4190,/wd4244,/wd4267,/wd4305,/wd4477,/wd4996,/wd4819,/fp:fast,/DGPU,/DCUDA_OPENGL_INTEGRATION,/DCUDNN,/DOPENCV /EHsc -Ob2"   -D_WINDOWS -DNDEBUG -DUSE_CMAKE_LIBS -DCUDNN -DOPENCV -D_CRT_RAND_S -DNOMINMAX -D_USE_MATH_DEFINES -DGPU -DCUDA_OPENGL_INTEGRATION -D_TIMESPEC_DEFINED -D"CMAKE_INTDIR=\"Release\"" -D_MBCS -DWIN32 -D_WINDOWS -DNDEBUG -DUSE_CMAKE_LIBS -DCUDNN -DOPENCV -D_CRT_RAND_S -DNOMINMAX -D_USE_MATH_DEFINES -DGPU -DCUDA_OPENGL_INTEGRATION -D_TIMESPEC_DEFINED -D"CMAKE_INTDIR=\"Release\"" -Xcompiler "/EHsc /W1 /nologo /O2 /FS   /MD /GR" -Xcompiler "/Fddarknet.dir\Release\vc143.pdb" -o darknet.dir\Release\dropout_layer_kernels.obj "C:\darknet\src\dropout_layer_kernels.cu" 
  
  C:\darknet>"C:\Program Files\NVIDIA GPU Computing Toolkit\CUDA\v12.2\bin\nvcc.exe"  --use-local-env -ccbin "C:\Program Files\Microsoft Visual Studio\2022\Community\VC\Tools\MSVC\14.37.32822\bin\HostX64\x64" -x cu   -IC:\darknet\include -IC:\darknet\src -IC:\darknet\3rdparty\stb\include -I"C:\Program Files\NVIDIA GPU Computing Toolkit\CUDA\v12.2\include" -IC:\opencv\build\include -IC:\darknet\3rdparty\pthreads\include -I"C:\Program Files\NVIDIA GPU Computing Toolkit\CUDA\v12.2\include"     --keep-dir x64\Release  -maxrregcount=0   --machine 64 --compile -cudart shared -Wno-deprecated-declarations --generate-code=arch=compute_52,code=[compute_52,sm_52] -Xcompiler=",/nologo,/wd4013,/wd4018,/wd4028,/wd4047,/wd4068,/wd4090,/wd4101,/wd4113,/wd4133,/wd4190,/wd4244,/wd4267,/wd4305,/wd4477,/wd4996,/wd4819,/fp:fast,/DGPU,/DCUDA_OPENGL_INTEGRATION,/DCUDNN,/DOPENCV /EHsc -Ob2"   -D_WINDOWS -DNDEBUG -DUSE_CMAKE_LIBS -DCUDNN -DOPENCV -D_CRT_RAND_S -DNOMINMAX -D_USE_MATH_DEFINES -DGPU -DCUDA_OPENGL_INTEGRATION -D_TIMESPEC_DEFINED -D"CMAKE_INTDIR=\"Release\"" -D_MBCS -DWIN32 -D_WINDOWS -DNDEBUG -DUSE_CMAKE_LIBS -DCUDNN -DOPENCV -D_CRT_RAND_S -DNOMINMAX -D_USE_MATH_DEFINES -DGPU -DCUDA_OPENGL_INTEGRATION -D_TIMESPEC_DEFINED -D"CMAKE_INTDIR=\"Release\"" -Xcompiler "/EHsc /W1 /nologo /O2 /FS   /MD /GR" -Xcompiler "/Fddarknet.dir\Release\vc143.pdb" -o darknet.dir\Release\col2im_kernels.obj "C:\darknet\src\col2im_kernels.cu" 
  
  C:\darknet>"C:\Program Files\NVIDIA GPU Computing Toolkit\CUDA\v12.2\bin\nvcc.exe"  --use-local-env -ccbin "C:\Program Files\Microsoft Visual Studio\2022\Community\VC\Tools\MSVC\14.37.32822\bin\HostX64\x64" -x cu   -IC:\darknet\include -IC:\darknet\src -IC:\darknet\3rdparty\stb\include -I"C:\Program Files\NVIDIA GPU Computing Toolkit\CUDA\v12.2\include" -IC:\opencv\build\include -IC:\darknet\3rdparty\pthreads\include -I"C:\Program Files\NVIDIA GPU Computing Toolkit\CUDA\v12.2\include"     --keep-dir x64\Release  -maxrregcount=0   --machine 64 --compile -cudart shared -Wno-deprecated-declarations --generate-code=arch=compute_52,code=[compute_52,sm_52] -Xcompiler=",/nologo,/wd4013,/wd4018,/wd4028,/wd4047,/wd4068,/wd4090,/wd4101,/wd4113,/wd4133,/wd4190,/wd4244,/wd4267,/wd4305,/wd4477,/wd4996,/wd4819,/fp:fast,/DGPU,/DCUDA_OPENGL_INTEGRATION,/DCUDNN,/DOPENCV /EHsc -Ob2"   -D_WINDOWS -DNDEBUG -DUSE_CMAKE_LIBS -DCUDNN -DOPENCV -D_CRT_RAND_S -DNOMINMAX -D_USE_MATH_DEFINES -DGPU -DCUDA_OPENGL_INTEGRATION -D_TIMESPEC_DEFINED -D"CMAKE_INTDIR=\"Release\"" -D_MBCS -DWIN32 -D_WINDOWS -DNDEBUG -DUSE_CMAKE_LIBS -DCUDNN -DOPENCV -D_CRT_RAND_S -DNOMINMAX -D_USE_MATH_DEFINES -DGPU -DCUDA_OPENGL_INTEGRATION -D_TIMESPEC_DEFINED -D"CMAKE_INTDIR=\"Release\"" -Xcompiler "/EHsc /W1 /nologo /O2 /FS   /MD /GR" -Xcompiler "/Fddarknet.dir\Release\vc143.pdb" -o darknet.dir\Release\deconvolutional_kernels.obj "C:\darknet\src\deconvolutional_kernels.cu" 
  
  C:\darknet>"C:\Program Files\NVIDIA GPU Computing Toolkit\CUDA\v12.2\bin\nvcc.exe"  --use-local-env -ccbin "C:\Program Files\Microsoft Visual Studio\2022\Community\VC\Tools\MSVC\14.37.32822\bin\HostX64\x64" -x cu   -IC:\darknet\include -IC:\darknet\src -IC:\darknet\3rdparty\stb\include -I"C:\Program Files\NVIDIA GPU Computing Toolkit\CUDA\v12.2\include" -IC:\opencv\build\include -IC:\darknet\3rdparty\pthreads\include -I"C:\Program Files\NVIDIA GPU Computing Toolkit\CUDA\v12.2\include"     --keep-dir x64\Release  -maxrregcount=0   --machine 64 --compile -cudart shared -Wno-deprecated-declarations --generate-code=arch=compute_52,code=[compute_52,sm_52] -Xcompiler=",/nologo,/wd4013,/wd4018,/wd4028,/wd4047,/wd4068,/wd4090,/wd4101,/wd4113,/wd4133,/wd4190,/wd4244,/wd4267,/wd4305,/wd4477,/wd4996,/wd4819,/fp:fast,/DGPU,/DCUDA_OPENGL_INTEGRATION,/DCUDNN,/DOPENCV /EHsc -Ob2"   -D_WINDOWS -DNDEBUG -DUSE_CMAKE_LIBS -DCUDNN -DOPENCV -D_CRT_RAND_S -DNOMINMAX -D_USE_MATH_DEFINES -DGPU -DCUDA_OPENGL_INTEGRATION -D_TIMESPEC_DEFINED -D"CMAKE_INTDIR=\"Release\"" -D_MBCS -DWIN32 -D_WINDOWS -DNDEBUG -DUSE_CMAKE_LIBS -DCUDNN -DOPENCV -D_CRT_RAND_S -DNOMINMAX -D_USE_MATH_DEFINES -DGPU -DCUDA_OPENGL_INTEGRATION -D_TIMESPEC_DEFINED -D"CMAKE_INTDIR=\"Release\"" -Xcompiler "/EHsc /W1 /nologo /O2 /FS   /MD /GR" -Xcompiler "/Fddarknet.dir\Release\vc143.pdb" -o darknet.dir\Release\convolutional_kernels.obj "C:\darknet\src\convolutional_kernels.cu" 
  
  C:\darknet>"C:\Program Files\NVIDIA GPU Computing Toolkit\CUDA\v12.2\bin\nvcc.exe"  --use-local-env -ccbin "C:\Program Files\Microsoft Visual Studio\2022\Community\VC\Tools\MSVC\14.37.32822\bin\HostX64\x64" -x cu   -IC:\darknet\include -IC:\darknet\src -IC:\darknet\3rdparty\stb\include -I"C:\Program Files\NVIDIA GPU Computing Toolkit\CUDA\v12.2\include" -IC:\opencv\build\include -IC:\darknet\3rdparty\pthreads\include -I"C:\Program Files\NVIDIA GPU Computing Toolkit\CUDA\v12.2\include"     --keep-dir x64\Release  -maxrregcount=0   --machine 64 --compile -cudart shared -Wno-deprecated-declarations --generate-code=arch=compute_52,code=[compute_52,sm_52] -Xcompiler=",/nologo,/wd4013,/wd4018,/wd4028,/wd4047,/wd4068,/wd4090,/wd4101,/wd4113,/wd4133,/wd4190,/wd4244,/wd4267,/wd4305,/wd4477,/wd4996,/wd4819,/fp:fast,/DGPU,/DCUDA_OPENGL_INTEGRATION,/DCUDNN,/DOPENCV /EHsc -Ob2"   -D_WINDOWS -DNDEBUG -DUSE_CMAKE_LIBS -DCUDNN -DOPENCV -D_CRT_RAND_S -DNOMINMAX -D_USE_MATH_DEFINES -DGPU -DCUDA_OPENGL_INTEGRATION -D_TIMESPEC_DEFINED -D"CMAKE_INTDIR=\"Release\"" -D_MBCS -DWIN32 -D_WINDOWS -DNDEBUG -DUSE_CMAKE_LIBS -DCUDNN -DOPENCV -D_CRT_RAND_S -DNOMINMAX -D_USE_MATH_DEFINES -DGPU -DCUDA_OPENGL_INTEGRATION -D_TIMESPEC_DEFINED -D"CMAKE_INTDIR=\"Release\"" -Xcompiler "/EHsc /W1 /nologo /O2 /FS   /MD /GR" -Xcompiler "/Fddarknet.dir\Release\vc143.pdb" -o darknet.dir\Release\im2col_kernels.obj "C:\darknet\src\im2col_kernels.cu" 
  
  C:\darknet>"C:\Program Files\NVIDIA GPU Computing Toolkit\CUDA\v12.2\bin\nvcc.exe"  --use-local-env -ccbin "C:\Program Files\Microsoft Visual Studio\2022\Community\VC\Tools\MSVC\14.37.32822\bin\HostX64\x64" -x cu   -IC:\darknet\include -IC:\darknet\src -IC:\darknet\3rdparty\stb\include -I"C:\Program Files\NVIDIA GPU Computing Toolkit\CUDA\v12.2\include" -IC:\opencv\build\include -IC:\darknet\3rdparty\pthreads\include -I"C:\Program Files\NVIDIA GPU Computing Toolkit\CUDA\v12.2\include"     --keep-dir x64\Release  -maxrregcount=0   --machine 64 --compile -cudart shared -Wno-deprecated-declarations --generate-code=arch=compute_52,code=[compute_52,sm_52] -Xcompiler=",/nologo,/wd4013,/wd4018,/wd4028,/wd4047,/wd4068,/wd4090,/wd4101,/wd4113,/wd4133,/wd4190,/wd4244,/wd4267,/wd4305,/wd4477,/wd4996,/wd4819,/fp:fast,/DGPU,/DCUDA_OPENGL_INTEGRATION,/DCUDNN,/DOPENCV /EHsc -Ob2"   -D_WINDOWS -DNDEBUG -DUSE_CMAKE_LIBS -DCUDNN -DOPENCV -D_CRT_RAND_S -DNOMINMAX -D_USE_MATH_DEFINES -DGPU -DCUDA_OPENGL_INTEGRATION -D_TIMESPEC_DEFINED -D"CMAKE_INTDIR=\"Release\"" -D_MBCS -DWIN32 -D_WINDOWS -DNDEBUG -DUSE_CMAKE_LIBS -DCUDNN -DOPENCV -D_CRT_RAND_S -DNOMINMAX -D_USE_MATH_DEFINES -DGPU -DCUDA_OPENGL_INTEGRATION -D_TIMESPEC_DEFINED -D"CMAKE_INTDIR=\"Release\"" -Xcompiler "/EHsc /W1 /nologo /O2 /FS   /MD /GR" -Xcompiler "/Fddarknet.dir\Release\vc143.pdb" -o darknet.dir\Release\maxpool_layer_kernels.obj "C:\darknet\src\maxpool_layer_kernels.cu" 
  
  C:\darknet>"C:\Program Files\NVIDIA GPU Computing Toolkit\CUDA\v12.2\bin\nvcc.exe"  --use-local-env -ccbin "C:\Program Files\Microsoft Visual Studio\2022\Community\VC\Tools\MSVC\14.37.32822\bin\HostX64\x64" -x cu   -IC:\darknet\include -IC:\darknet\src -IC:\darknet\3rdparty\stb\include -I"C:\Program Files\NVIDIA GPU Computing Toolkit\CUDA\v12.2\include" -IC:\opencv\build\include -IC:\darknet\3rdparty\pthreads\include -I"C:\Program Files\NVIDIA GPU Computing Toolkit\CUDA\v12.2\include"     --keep-dir x64\Release  -maxrregcount=0   --machine 64 --compile -cudart shared -Wno-deprecated-declarations --generate-code=arch=compute_52,code=[compute_52,sm_52] -Xcompiler=",/nologo,/wd4013,/wd4018,/wd4028,/wd4047,/wd4068,/wd4090,/wd4101,/wd4113,/wd4133,/wd4190,/wd4244,/wd4267,/wd4305,/wd4477,/wd4996,/wd4819,/fp:fast,/DGPU,/DCUDA_OPENGL_INTEGRATION,/DCUDNN,/DOPENCV /EHsc -Ob2"   -D_WINDOWS -DNDEBUG -DUSE_CMAKE_LIBS -DCUDNN -DOPENCV -D_CRT_RAND_S -DNOMINMAX -D_USE_MATH_DEFINES -DGPU -DCUDA_OPENGL_INTEGRATION -D_TIMESPEC_DEFINED -D"CMAKE_INTDIR=\"Release\"" -D_MBCS -DWIN32 -D_WINDOWS -DNDEBUG -DUSE_CMAKE_LIBS -DCUDNN -DOPENCV -D_CRT_RAND_S -DNOMINMAX -D_USE_MATH_DEFINES -DGPU -DCUDA_OPENGL_INTEGRATION -D_TIMESPEC_DEFINED -D"CMAKE_INTDIR=\"Release\"" -Xcompiler "/EHsc /W1 /nologo /O2 /FS   /MD /GR" -Xcompiler "/Fddarknet.dir\Release\vc143.pdb" -o darknet.dir\Release\network_kernels.obj "C:\darknet\src\network_kernels.cu" 
C:\darknet\src\blas_kernels.cu(1086): warning #177-D: variable "out_index" was declared but never referenced
                int out_index = id;
                    ^
  
  Remark: The warnings can be suppressed with "-diag-suppress <warning-number>"
  
C:\darknet\src\blas_kernels.cu(1130): warning #550-D: variable "step" was set but never used
        int step = 0;
            ^
  
C:\darknet\src\blas_kernels.cu(1736): warning #177-D: variable "stage_id" was declared but never referenced
        const int stage_id = index / stage_step;
                  ^
  
C:\darknet\src\activation_kernels.cu(263): warning #177-D: variable "MISH_THRESHOLD" was declared but never referenced
            const float MISH_THRESHOLD = 20;
                        ^
  
  Remark: The warnings can be suppressed with "-diag-suppress <warning-number>"
  
C:\darknet\src\network_kernels.cu(379): warning #177-D: variable "l" was declared but never referenced
            layer l = net.layers[net.n - 1];
                  ^
  
  avgpool_layer_kernels.cu
  Remark: The warnings can be suppressed with "-diag-suppress <warning-number>"
  
C:\darknet\src\network_kernels.cu(764): warning #177-D: variable "dev_ptr" was declared but never referenced
        void* dev_ptr = 0;
              ^
  
C:\darknet\src\im2col_kernels.cu(1354): warning #20199-D: unrecognized #pragma in device code
                        #pragma UNROLL
                                ^
  
  Remark: The warnings can be suppressed with "-diag-suppress <warning-number>"
  
C:\darknet\src\im2col_kernels.cu(1361): warning #20199-D: unrecognized #pragma in device code
                        #pragma UNROLL
                                ^
  
C:\darknet\src\im2col_kernels.cu(1364): warning #20199-D: unrecognized #pragma in device code
                            #pragma UNROLL
                                    ^
  
C:\darknet\src\im2col_kernels.cu(1389): warning #20199-D: unrecognized #pragma in device code
                        #pragma UNROLL
                                ^
  
  dropout_layer_kernels.cu
  col2im_kernels.cu
  network_kernels.cu
  deconvolutional_kernels.cu
  crop_layer_kernels.cu
  activation_kernels.cu
  tmpxft_000074cc_00000000-7_avgpool_layer_kernels.cudafe1.cpp
  maxpool_layer_kernels.cu
  convolutional_kernels.cu
  tmpxft_000072fc_00000000-7_col2im_kernels.cudafe1.cpp
  tmpxft_00007588_00000000-7_dropout_layer_kernels.cudafe1.cpp
  tmpxft_00007854_00000000-7_network_kernels.cudafe1.cpp
  tmpxft_00005b38_00000000-7_crop_layer_kernels.cudafe1.cpp
  tmpxft_00007778_00000000-7_deconvolutional_kernels.cudafe1.cpp
  tmpxft_000076c0_00000000-7_activation_kernels.cudafe1.cpp
  tmpxft_0000780c_00000000-7_maxpool_layer_kernels.cudafe1.cpp
  tmpxft_000074c4_00000000-7_convolutional_kernels.cudafe1.cpp
  im2col_kernels.cu
  tmpxft_00007814_00000000-7_im2col_kernels.cudafe1.cpp
  blas_kernels.cu
  tmpxft_000074ec_00000000-7_blas_kernels.cudafe1.cpp
  darknet.c
  activation_layer.c
  activations.c
  art.c
  avgpool_layer.c
  batchnorm_layer.c
  blas.c
  box.c
  captcha.c
  cifar.c
  classifier.c
  coco.c
  col2im.c
  compare.c
  connected_layer.c
  conv_lstm_layer.c
  convolutional_layer.c
  cost_layer.c
  cpu_gemm.c
  crnn_layer.c
  正在產生程式碼...
  正在編譯...
  crop_layer.c
  dark_cuda.c
  data.c
  deconvolutional_layer.c
  demo.c
  detection_layer.c
  detector.c
  dice.c
  dropout_layer.c
  gaussian_yolo_layer.c
  gemm.c
  getopt.c
  gettimeofday.c
  go.c
  gru_layer.c
  im2col.c
  image.c
  layer.c
  list.c
  local_layer.c
  正在產生程式碼...
  正在編譯...
  lstm_layer.c
  matrix.c
  maxpool_layer.c
  network.c
  nightmare.c
  normalization_layer.c
  option_list.c
  parser.c
  region_layer.c
  reorg_layer.c
  reorg_old_layer.c
  representation_layer.c
  rnn.c
  rnn_layer.c
  rnn_vid.c
  route_layer.c
  sam_layer.c
  scale_channels_layer.c
  shortcut_layer.c
  softmax_layer.c
  正在產生程式碼...
  正在編譯...
  super.c
  swag.c
  tag.c
  tree.c
  upsample_layer.c
  utils.c
  voxel.c
  writing.c
  yolo.c
  yolo_layer.c
  正在產生程式碼...
  http_stream.cpp
  image_opencv.cpp
  正在產生程式碼...
  darknet.vcxproj -> C:\darknet\Release\darknet.exe
